Using pre-set license
Built from '2020.3/release' branch; Version is '2020.3.15f2 (6cf78cb77498) revision 7141260'; Using compiler version '192528614'; Build Type 'Release'
OS: 'Windows 10 Pro; OS build 19042.1348; Version 2009; 64bit' Language: 'es' Physical Memory: 16293 MB
BatchMode: 1, IsHumanControllingUs: 0, StartBugReporterOnCrash: 0, Is64bit: 1, IsPro: 0

 COMMAND LINE ARGUMENTS:
C:\Program Files\Unity\Hub\Editor\2020.3.15f2\Editor\Unity.exe
-adb2
-batchMode
-noUpm
-name
AssetImportWorker0
-projectPath
D:/Unity_Proyectos/GitHtub_GuiaVirtual/Modulo-Aplicacion-Guia-Virtual
-logFile
Logs/AssetImportWorker0.log
-srvPort
57227
Successfully changed project path to: D:/Unity_Proyectos/GitHtub_GuiaVirtual/Modulo-Aplicacion-Guia-Virtual
D:/Unity_Proyectos/GitHtub_GuiaVirtual/Modulo-Aplicacion-Guia-Virtual
Using Asset Import Pipeline V2.
Refreshing native plugins compatible for Editor in 28.55 ms, found 2 plugins.
Preloading 0 native plugins for Editor in 0.00 ms.
Initialize engine version: 2020.3.15f2 (6cf78cb77498)
[Subsystems] Discovering subsystems at path C:/Program Files/Unity/Hub/Editor/2020.3.15f2/Editor/Data/Resources/UnitySubsystems
[Subsystems] Discovering subsystems at path D:/Unity_Proyectos/GitHtub_GuiaVirtual/Modulo-Aplicacion-Guia-Virtual/Assets
GfxDevice: creating device client; threaded=0
Direct3D:
    Version:  Direct3D 11.0 [level 11.1]
    Renderer: NVIDIA GeForce GTX 1660 SUPER (ID=0x21c4)
    Vendor:   
    VRAM:     5991 MB
    Driver:   30.0.14.7168
Initialize mono
Mono path[0] = 'C:/Program Files/Unity/Hub/Editor/2020.3.15f2/Editor/Data/Managed'
Mono path[1] = 'C:/Program Files/Unity/Hub/Editor/2020.3.15f2/Editor/Data/MonoBleedingEdge/lib/mono/unityjit'
Mono config path = 'C:/Program Files/Unity/Hub/Editor/2020.3.15f2/Editor/Data/MonoBleedingEdge/etc'
Using monoOptions --debugger-agent=transport=dt_socket,embedding=1,server=y,suspend=n,address=127.0.0.1:56056
Begin MonoManager ReloadAssembly
Registering precompiled unity dll's ...
Register platform support module: C:/Program Files/Unity/Hub/Editor/2020.3.15f2/Editor/Data/PlaybackEngines/WebGLSupport/UnityEditor.WebGL.Extensions.dll
Register platform support module: C:/Program Files/Unity/Hub/Editor/2020.3.15f2/Editor/Data/PlaybackEngines/WindowsStandaloneSupport/UnityEditor.WindowsStandalone.Extensions.dll
Registered in 0.002111 seconds.
Native extension for WindowsStandalone target not found
Native extension for WebGL target not found
Refreshing native plugins compatible for Editor in 28.24 ms, found 2 plugins.
Preloading 0 native plugins for Editor in 0.00 ms.
Mono: successfully reloaded assembly
- Completed reload, in  1.604 seconds
Domain Reload Profiling:
	ReloadAssembly (1604ms)
		BeginReloadAssembly (45ms)
			ExecutionOrderSort (0ms)
			DisableScriptedObjects (0ms)
			BackupInstance (0ms)
			ReleaseScriptingObjects (0ms)
			CreateAndSetChildDomain (1ms)
		EndReloadAssembly (346ms)
			LoadAssemblies (43ms)
			RebuildTransferFunctionScriptingTraits (0ms)
			SetupTypeCache (123ms)
			ReleaseScriptCaches (0ms)
			RebuildScriptCaches (25ms)
			SetupLoadedEditorAssemblies (131ms)
				LogAssemblyErrors (0ms)
				InitializePlatformSupportModulesInManaged (4ms)
				SetLoadedEditorAssemblies (0ms)
				RefreshPlugins (28ms)
				BeforeProcessingInitializeOnLoad (12ms)
				ProcessInitializeOnLoadAttributes (65ms)
				ProcessInitializeOnLoadMethodAttributes (22ms)
				AfterProcessingInitializeOnLoad (0ms)
				EditorAssembliesLoaded (0ms)
			ExecutionOrderSort2 (0ms)
			AwakeInstancesAfterBackupRestoration (0ms)
Platform modules already initialized, skipping
Registering precompiled user dll's ...
Registered in 0.002271 seconds.
Begin MonoManager ReloadAssembly
Native extension for WindowsStandalone target not found
Native extension for WebGL target not found
Refreshing native plugins compatible for Editor in 0.33 ms, found 2 plugins.
Preloading 0 native plugins for Editor in 0.00 ms.
Mono: successfully reloaded assembly
- Completed reload, in  0.913 seconds
Domain Reload Profiling:
	ReloadAssembly (914ms)
		BeginReloadAssembly (127ms)
			ExecutionOrderSort (0ms)
			DisableScriptedObjects (4ms)
			BackupInstance (0ms)
			ReleaseScriptingObjects (0ms)
			CreateAndSetChildDomain (16ms)
		EndReloadAssembly (733ms)
			LoadAssemblies (70ms)
			RebuildTransferFunctionScriptingTraits (0ms)
			SetupTypeCache (219ms)
			ReleaseScriptCaches (0ms)
			RebuildScriptCaches (35ms)
			SetupLoadedEditorAssemblies (333ms)
				LogAssemblyErrors (0ms)
				InitializePlatformSupportModulesInManaged (5ms)
				SetLoadedEditorAssemblies (0ms)
				RefreshPlugins (0ms)
				BeforeProcessingInitializeOnLoad (74ms)
				ProcessInitializeOnLoadAttributes (244ms)
				ProcessInitializeOnLoadMethodAttributes (3ms)
				AfterProcessingInitializeOnLoad (5ms)
				EditorAssembliesLoaded (0ms)
			ExecutionOrderSort2 (0ms)
			AwakeInstancesAfterBackupRestoration (5ms)
Platform modules already initialized, skipping
========================================================================
Worker process is ready to serve import requests
Launched and connected shader compiler UnityShaderCompiler.exe after 0.04 seconds
Refreshing native plugins compatible for Editor in 0.33 ms, found 2 plugins.
Preloading 0 native plugins for Editor in 0.00 ms.
Unloading 1413 Unused Serialized files (Serialized files now loaded: 0)
System memory in use before: 65.8 MB.
System memory in use after: 65.8 MB.

Unloading 18 unused Assets to reduce memory usage. Loaded Objects now: 1849.
Total: 1.755100 ms (FindLiveObjects: 0.133900 ms CreateObjectMapping: 0.030800 ms MarkObjects: 1.540100 ms  DeleteObjects: 0.049500 ms)

AssetImportParameters requested are different than current active one (requested -> active):
  custom:framework-win-MediaFoundation: 216162199b28c13a410421893ffa2e32 -> 
  custom:video-decoder-ogg-theora: a1e56fd34408186e4bbccfd4996cb3dc -> 
  custom:container-muxer-webm: aa71ff27fc2769a1b78a27578f13a17b -> 
  custom:container-demuxer-webm: 4f35f7cbe854078d1ac9338744f61a02 -> 
  custom:container-demuxer-ogg: 62fdf1f143b41e24485cea50d1cbac27 -> 
  custom:video-encoder-webm-vp8: eb34c28f22e8b96e1ab97ce403110664 -> 
  custom:video-decoder-webm-vp8: 9c59270c3fd7afecdb556c50c9e8de78 -> 
  custom:audio-decoder-ogg-vorbis: bf7c407c2cedff20999df2af8eb42d56 -> 
  custom:audio-encoder-webm-vorbis: bf7c407c2cedff20999df2af8eb42d56 -> 
========================================================================
Received Import Request.
  path: Assets/Escenarios
  artifactKey: Guid(5c5b40d6ac184974380fa3ad7fc649ff) Importer(815301076,1909f56bfc062723c751e8b465ee728b)
Start importing Assets/Escenarios using Guid(5c5b40d6ac184974380fa3ad7fc649ff) Importer(815301076,1909f56bfc062723c751e8b465ee728b)  -> (artifact id: '0281e7c223aedf66c8e7ce7bfab39d67') in 0.008916 seconds 
  Import took 0.010876 seconds .

========================================================================
Received Import Request.
  Time since last request: 4.382309 seconds.
  path: Assets/Escenarios/Gastronomia
  artifactKey: Guid(0be8074d00f354a479bec2ec0559d41d) Importer(815301076,1909f56bfc062723c751e8b465ee728b)
Start importing Assets/Escenarios/Gastronomia using Guid(0be8074d00f354a479bec2ec0559d41d) Importer(815301076,1909f56bfc062723c751e8b465ee728b)  -> (artifact id: '52d5956cb8738539e28d8addb488f0fc') in 0.005583 seconds 
  Import took 0.007648 seconds .

========================================================================
Received Import Request.
  Time since last request: 24.320406 seconds.
  path: Assets/Escenarios/Gastronomia/Gastronomia_PlantaBaja.unity
  artifactKey: Guid(4e34fc6d3388b794caa3a8accbdc5392) Importer(815301076,1909f56bfc062723c751e8b465ee728b)
Start importing Assets/Escenarios/Gastronomia/Gastronomia_PlantaBaja.unity using Guid(4e34fc6d3388b794caa3a8accbdc5392) Importer(815301076,1909f56bfc062723c751e8b465ee728b)  -> (artifact id: '6500f96793136d6b1048513ff2bf01f7') in 0.012453 seconds 
  Import took 0.014715 seconds .

========================================================================
Received Import Request.
  Time since last request: 377.268828 seconds.
  path: Assets/Material/Tierra
  artifactKey: Guid(b8ab2310d3161b048b7ab97a3d7966ea) Importer(815301076,1909f56bfc062723c751e8b465ee728b)
Start importing Assets/Material/Tierra using Guid(b8ab2310d3161b048b7ab97a3d7966ea) Importer(815301076,1909f56bfc062723c751e8b465ee728b)  -> (artifact id: '23acde316264cac604f301a2da260020') in 0.006540 seconds 
  Import took 0.008770 seconds .

========================================================================
Received Import Request.
  Time since last request: 8.788611 seconds.
  path: Assets/Material/Tierra/pisoBaseMapa.jpg
  artifactKey: Guid(36ea9f34a8a854a498fdfa5358dd098a) Importer(815301076,1909f56bfc062723c751e8b465ee728b)
Start importing Assets/Material/Tierra/pisoBaseMapa.jpg using Guid(36ea9f34a8a854a498fdfa5358dd098a) Importer(815301076,1909f56bfc062723c751e8b465ee728b)  -> (artifact id: 'd34dc1f654b361995f1a5326225705f8') in 0.081946 seconds 
  Import took 0.084178 seconds .

========================================================================
Received Import Request.
  Time since last request: 17.161494 seconds.
  path: Assets/Material/Tierra/pisoBaseMapa.jpg
  artifactKey: Guid(36ea9f34a8a854a498fdfa5358dd098a) Importer(815301076,1909f56bfc062723c751e8b465ee728b)
Start importing Assets/Material/Tierra/pisoBaseMapa.jpg using Guid(36ea9f34a8a854a498fdfa5358dd098a) Importer(815301076,1909f56bfc062723c751e8b465ee728b)  -> (artifact id: '12f1fb2450c8a5be51bac61932493edd') in 0.052864 seconds 
  Import took 0.055065 seconds .

========================================================================
Received Import Request.
  Time since last request: 308.122426 seconds.
  path: Assets/Prefabs/Gatronomia_PlantaBaja.fbx
  artifactKey: Guid(61eb12612fa9ac540b569e5354b1f458) Importer(815301076,1909f56bfc062723c751e8b465ee728b)
Start importing Assets/Prefabs/Gatronomia_PlantaBaja.fbx using Guid(61eb12612fa9ac540b569e5354b1f458) Importer(815301076,1909f56bfc062723c751e8b465ee728b)  -> (artifact id: '50ef53171a1467b14bb0a8bdf73e523f') in 2.341418 seconds 
  Import took 2.346693 seconds .

========================================================================
Received Import Request.
  Time since last request: 110.427413 seconds.
  path: Assets/Material/Tierra/pisoBase.jpg
  artifactKey: Guid(efb09e3e417b95e40b22ec92a8e18d8f) Importer(815301076,1909f56bfc062723c751e8b465ee728b)
Start importing Assets/Material/Tierra/pisoBase.jpg using Guid(efb09e3e417b95e40b22ec92a8e18d8f) Importer(815301076,1909f56bfc062723c751e8b465ee728b)  -> (artifact id: 'ad50c52a7ecc07cdccc89b7855287215') in 0.013701 seconds 
  Import took 0.016427 seconds .

========================================================================
Received Import Request.
  Time since last request: 3.896434 seconds.
  path: Assets/Material/Tierra/pisoBase.jpg
  artifactKey: Guid(efb09e3e417b95e40b22ec92a8e18d8f) Importer(815301076,1909f56bfc062723c751e8b465ee728b)
Start importing Assets/Material/Tierra/pisoBase.jpg using Guid(efb09e3e417b95e40b22ec92a8e18d8f) Importer(815301076,1909f56bfc062723c751e8b465ee728b)  -> (artifact id: '890f3c31fde43f05c2a136ac0421fdde') in 0.018284 seconds 
  Import took 0.020548 seconds .

========================================================================
Received Import Request.
  Time since last request: 765.536315 seconds.
  path: Assets/Material/Otros
  artifactKey: Guid(c4ac268042d115f4cb2780d5c21a98c4) Importer(815301076,1909f56bfc062723c751e8b465ee728b)
Start importing Assets/Material/Otros using Guid(c4ac268042d115f4cb2780d5c21a98c4) Importer(815301076,1909f56bfc062723c751e8b465ee728b)  -> (artifact id: '7c358690b962e08e9036f3602c2f5725') in 0.006416 seconds 
  Import took 0.008726 seconds .

========================================================================
Received Import Request.
  Time since last request: 14.065902 seconds.
  path: Assets/Material/Gastronomia
  artifactKey: Guid(253427449515a8845a1796dc82f95782) Importer(815301076,1909f56bfc062723c751e8b465ee728b)
Start importing Assets/Material/Gastronomia using Guid(253427449515a8845a1796dc82f95782) Importer(815301076,1909f56bfc062723c751e8b465ee728b)  -> (artifact id: '60211d02057339e9dde3fb90b886a3c1') in 0.005659 seconds 
  Import took 0.007881 seconds .

========================================================================
Received Import Request.
  Time since last request: 10.927072 seconds.
  path: Assets/Material/Gastronomia/Paredes_Exterior
  artifactKey: Guid(ecaad8e28bf66c242bf2d1adf06a7339) Importer(815301076,1909f56bfc062723c751e8b465ee728b)
Start importing Assets/Material/Gastronomia/Paredes_Exterior using Guid(ecaad8e28bf66c242bf2d1adf06a7339) Importer(815301076,1909f56bfc062723c751e8b465ee728b)  -> (artifact id: 'e8debe9df77427bc31d9ea1d144f9292') in 0.006096 seconds 
  Import took 0.008287 seconds .

========================================================================
Received Import Request.
  Time since last request: 751.518762 seconds.
  path: Assets/Material/Gastronomia/Piso
  artifactKey: Guid(5a999c458ce021c42abed7ffb9e6fcca) Importer(815301076,1909f56bfc062723c751e8b465ee728b)
Start importing Assets/Material/Gastronomia/Piso using Guid(5a999c458ce021c42abed7ffb9e6fcca) Importer(815301076,1909f56bfc062723c751e8b465ee728b)  -> (artifact id: '9ec9db4b9deedcd99938ef695c494f39') in 0.006267 seconds 
  Import took 0.008639 seconds .

========================================================================
Received Import Request.
  Time since last request: 6876.952573 seconds.
  path: Assets/Material/Gastronomia/Paredes_Interior
  artifactKey: Guid(74561f009859f7e41a94f8237c840650) Importer(815301076,1909f56bfc062723c751e8b465ee728b)
Start importing Assets/Material/Gastronomia/Paredes_Interior using Guid(74561f009859f7e41a94f8237c840650) Importer(815301076,1909f56bfc062723c751e8b465ee728b)  -> (artifact id: '966294978456e66530832714e2db1eef') in 0.006957 seconds 
  Import took 0.009389 seconds .

========================================================================
Received Import Request.
  Time since last request: 2074.237769 seconds.
  path: Assets/Prefabs/Gatronomia_Gradas.fbx
  artifactKey: Guid(1f21f07cadb5a1c43b229fc2c2c094e2) Importer(815301076,1909f56bfc062723c751e8b465ee728b)
Start importing Assets/Prefabs/Gatronomia_Gradas.fbx using Guid(1f21f07cadb5a1c43b229fc2c2c094e2) Importer(815301076,1909f56bfc062723c751e8b465ee728b)  -> (artifact id: '4abc3365ef9f13b54d63a62742e43d61') in 0.355986 seconds 
  Import took 0.358885 seconds .

========================================================================
Received Import Request.
  Time since last request: 169.685797 seconds.
  path: Assets/Material/Gastronomia/Gradas
  artifactKey: Guid(7119d6e7c1c993a47bb0d0ac98fe495b) Importer(815301076,1909f56bfc062723c751e8b465ee728b)
Start importing Assets/Material/Gastronomia/Gradas using Guid(7119d6e7c1c993a47bb0d0ac98fe495b) Importer(815301076,1909f56bfc062723c751e8b465ee728b)  -> (artifact id: '83c2f565f68d495f59953b99e4b46b2a') in 0.005146 seconds 
  Import took 0.007495 seconds .

========================================================================
Received Import Request.
  Time since last request: 1010.736064 seconds.
  path: Assets/Material/Gastronomia/Puertas
  artifactKey: Guid(e3d9c8d8fbef673438f4f65891e98cc8) Importer(815301076,1909f56bfc062723c751e8b465ee728b)
Start importing Assets/Material/Gastronomia/Puertas using Guid(e3d9c8d8fbef673438f4f65891e98cc8) Importer(815301076,1909f56bfc062723c751e8b465ee728b)  -> (artifact id: 'c3f4e6bdccfbac65302b4ddfa451d9a0') in 0.005157 seconds 
  Import took 0.007549 seconds .

========================================================================
Received Import Request.
  Time since last request: 3184.327992 seconds.
  path: Assets/Prefabs/Gatronomia_Puertas_PlantaBaja.fbx
  artifactKey: Guid(6ad295d820fa7da4ab26a914a731bcc1) Importer(815301076,1909f56bfc062723c751e8b465ee728b)
Start importing Assets/Prefabs/Gatronomia_Puertas_PlantaBaja.fbx using Guid(6ad295d820fa7da4ab26a914a731bcc1) Importer(815301076,1909f56bfc062723c751e8b465ee728b)  -> (artifact id: 'dc0c78fc5a44eff893c67169bb0c6211') in 0.144630 seconds 
  Import took 0.147287 seconds .

========================================================================
Received Import Request.
  Time since last request: 9.732797 seconds.
  path: Assets/Prefabs/Gatronomia_Puertas_PlantaBaja.fbx
  artifactKey: Guid(6ad295d820fa7da4ab26a914a731bcc1) Importer(815301076,1909f56bfc062723c751e8b465ee728b)
Start importing Assets/Prefabs/Gatronomia_Puertas_PlantaBaja.fbx using Guid(6ad295d820fa7da4ab26a914a731bcc1) Importer(815301076,1909f56bfc062723c751e8b465ee728b)  -> (artifact id: 'feca2213735ef2d8d92ada66d9a02287') in 0.298863 seconds 
  Import took 0.301431 seconds .

AssetImportWorkerClient::OnTransportError - code=2 error=End of file
